<?xml version="1.0" encoding="UTF-8"?>
<testng-results ignored="0" total="2" passed="2" failed="0" skipped="0">
  <reporter-output>
  </reporter-output>
  <suite started-at="2023-10-29T19:22:41 IST" name="Default suite" finished-at="2023-10-29T19:23:00 IST" duration-ms="18556">
    <groups>
    </groups>
    <test started-at="2023-10-29T19:22:41 IST" name="Default test" finished-at="2023-10-29T19:23:00 IST" duration-ms="18556">
      <class name="org.appi.Calculator">
        <test-method is-config="true" signature="appLaunch()[pri:0, instance:org.appi.Calculator@750e2b97]" started-at="2023-10-29T19:22:41 IST" name="appLaunch" finished-at="2023-10-29T19:22:59 IST" duration-ms="17404" status="PASS">
          <reporter-output>
          </reporter-output>
        </test-method> <!-- appLaunch -->
        <test-method is-config="true" signature="startTime()[pri:0, instance:org.appi.Calculator@750e2b97]" started-at="2023-10-29T19:22:59 IST" name="startTime" finished-at="2023-10-29T19:22:59 IST" duration-ms="35" status="PASS">
          <reporter-output>
          </reporter-output>
        </test-method> <!-- startTime -->
        <test-method signature="tc1()[pri:1, instance:org.appi.Calculator@750e2b97]" started-at="2023-10-29T19:22:59 IST" name="tc1" finished-at="2023-10-29T19:22:59 IST" duration-ms="18" status="PASS">
          <reporter-output>
          </reporter-output>
        </test-method> <!-- tc1 -->
        <test-method is-config="true" signature="endTime()[pri:0, instance:org.appi.Calculator@750e2b97]" started-at="2023-10-29T19:22:59 IST" name="endTime" finished-at="2023-10-29T19:22:59 IST" duration-ms="2" status="PASS">
          <reporter-output>
          </reporter-output>
        </test-method> <!-- endTime -->
        <test-method is-config="true" signature="startTime()[pri:0, instance:org.appi.Calculator@750e2b97]" started-at="2023-10-29T19:22:59 IST" name="startTime" finished-at="2023-10-29T19:22:59 IST" duration-ms="1" status="PASS">
          <reporter-output>
          </reporter-output>
        </test-method> <!-- startTime -->
        <test-method signature="tc2()[pri:2, instance:org.appi.Calculator@750e2b97]" started-at="2023-10-29T19:22:59 IST" name="tc2" finished-at="2023-10-29T19:22:59 IST" duration-ms="3" status="PASS">
          <reporter-output>
          </reporter-output>
        </test-method> <!-- tc2 -->
        <test-method is-config="true" signature="endTime()[pri:0, instance:org.appi.Calculator@750e2b97]" started-at="2023-10-29T19:22:59 IST" name="endTime" finished-at="2023-10-29T19:22:59 IST" duration-ms="0" status="PASS">
          <reporter-output>
          </reporter-output>
        </test-method> <!-- endTime -->
        <test-method is-config="true" signature="appClose()[pri:0, instance:org.appi.Calculator@750e2b97]" started-at="2023-10-29T19:22:59 IST" name="appClose" finished-at="2023-10-29T19:23:00 IST" duration-ms="1006" status="PASS">
          <reporter-output>
          </reporter-output>
        </test-method> <!-- appClose -->
      </class> <!-- org.appi.Calculator -->
    </test> <!-- Default test -->
  </suite> <!-- Default suite -->
</testng-results>
